This file contains any messages produced by compilers while
running configure, to aid debugging if configure makes a mistake.

It was created by ipsec-tools configure 0.5.1, which was
generated by GNU Autoconf 2.59.  Invocation command line was

  $ ./configure --with-kernel-headers=/home/jefchiao/myviews/jefchiao_linux26_dev_sview/CommEngine/kernel/linux/include --with-openssl=/home/jefchiao/myviews/jefchiao_linux26_dev_sview/CommEngine/userapps/opensource/openssl/include --no-create --no-recursion

## --------- ##
## Platform. ##
## --------- ##

hostname = debian
uname -m = i686
uname -r = 2.6.8-2-686-smp
uname -s = Linux
uname -v = #1 SMP Tue Aug 16 12:08:30 UTC 2005

/usr/bin/uname -p = unknown
/bin/uname -X     = unknown

/bin/arch              = i686
/usr/bin/arch -k       = unknown
/usr/convex/getsysinfo = unknown
hostinfo               = unknown
/bin/machine           = unknown
/usr/bin/oslevel       = unknown
/bin/universe          = unknown

PATH: /usr/local/sbin
PATH: /usr/local/bin
PATH: /usr/sbin
PATH: /usr/bin
PATH: /sbin
PATH: /bin
PATH: /usr/bin/X11


## ----------- ##
## Core tests. ##
## ----------- ##

configure:1567: checking for a BSD-compatible install
configure:1622: result: /usr/bin/install -c
configure:1633: checking whether build environment is sane
configure:1676: result: yes
configure:1741: checking for gawk
configure:1770: result: no
configure:1741: checking for mawk
configure:1757: found /usr/bin/mawk
configure:1767: result: mawk
configure:1777: checking whether make sets $(MAKE)
configure:1797: result: yes
configure:2037: checking for gcc
configure:2063: result: /opt/toolchains/uclibc-crosstools_gcc-3.4.2_uclibc-20050502/bin/mips-linux-uclibc-gcc
configure:2307: checking for C compiler version
configure:2310: /opt/toolchains/uclibc-crosstools_gcc-3.4.2_uclibc-20050502/bin/mips-linux-uclibc-gcc --version </dev/null >&5
mips-linux-uclibc-gcc (GCC) 3.4.2
Copyright (C) 2004 Free Software Foundation, Inc.
This is free software; see the source for copying conditions.  There is NO
warranty; not even for MERCHANTABILITY or FITNESS FOR A PARTICULAR PURPOSE.

configure:2313: $? = 0
configure:2315: /opt/toolchains/uclibc-crosstools_gcc-3.4.2_uclibc-20050502/bin/mips-linux-uclibc-gcc -v </dev/null >&5
Reading specs from /opt/toolchains/uclibc-crosstools_gcc-3.4.2_uclibc-20050502/bin/../lib/gcc/mips-linux-uclibc/3.4.2/specs
Configured with: ../gcc-3.4.2/configure --prefix=/opt/toolchains/uclibc-crosstools_gcc-3.4.2_uclibc-20050502/ --target=mips-linux-uclibc --build=mips-linux --host=mips-linux --enable-target-optspace --disable-nls --with-gnu-ld --enable-shared --enable-languages=c,c++ --enable-threads --infodir=/opt/toolchains/uclibc-crosstools_gcc-3.4.2_uclibc-20050502/info --mandir=/opt/toolchains/uclibc-crosstools_gcc-3.4.2_uclibc-20050502/man --disable-__cxa_atexit --disable-checking --with-arch=mips32
Thread model: posix
gcc version 3.4.2
configure:2318: $? = 0
configure:2320: /opt/toolchains/uclibc-crosstools_gcc-3.4.2_uclibc-20050502/bin/mips-linux-uclibc-gcc -V </dev/null >&5
mips-linux-uclibc-gcc: `-V' option must have argument
configure:2323: $? = 1
configure:2346: checking for C compiler default output file name
configure:2349: /opt/toolchains/uclibc-crosstools_gcc-3.4.2_uclibc-20050502/bin/mips-linux-uclibc-gcc    conftest.c  >&5
configure:2352: $? = 0
configure:2398: result: a.out
configure:2403: checking whether the C compiler works
configure:2409: ./a.out
./configure: line 1: ./a.out: cannot execute binary file
configure:2412: $? = 126
configure:2421: error: cannot run C compiled programs.
If you meant to cross compile, use `--host'.
See `config.log' for more details.

## ---------------- ##
## Cache variables. ##
## ---------------- ##

ac_cv_env_CC_set=set
ac_cv_env_CC_value=/opt/toolchains/uclibc-crosstools_gcc-3.4.2_uclibc-20050502/bin/mips-linux-uclibc-gcc
ac_cv_env_CFLAGS_set=
ac_cv_env_CFLAGS_value=
ac_cv_env_CPPFLAGS_set=
ac_cv_env_CPPFLAGS_value=
ac_cv_env_CPP_set=
ac_cv_env_CPP_value=
ac_cv_env_CXXCPP_set=
ac_cv_env_CXXCPP_value=
ac_cv_env_CXXFLAGS_set=
ac_cv_env_CXXFLAGS_value=
ac_cv_env_CXX_set=set
ac_cv_env_CXX_value=/opt/toolchains/uclibc-crosstools_gcc-3.4.2_uclibc-20050502/bin/mips-linux-uclibc-g++
ac_cv_env_F77_set=
ac_cv_env_F77_value=
ac_cv_env_FFLAGS_set=
ac_cv_env_FFLAGS_value=
ac_cv_env_LDFLAGS_set=
ac_cv_env_LDFLAGS_value=
ac_cv_env_build_alias_set=
ac_cv_env_build_alias_value=
ac_cv_env_host_alias_set=
ac_cv_env_host_alias_value=
ac_cv_env_target_alias_set=
ac_cv_env_target_alias_value=
ac_cv_exeext=
ac_cv_path_install='/usr/bin/install -c'
ac_cv_prog_AWK=mawk
ac_cv_prog_ac_ct_CC=/opt/toolchains/uclibc-crosstools_gcc-3.4.2_uclibc-20050502/bin/mips-linux-uclibc-gcc
ac_cv_prog_make_make_set=yes

## ----------------- ##
## Output variables. ##
## ----------------- ##

ACLOCAL='${SHELL} /opt/usr-beghiero/userapps/opensource/ipsec-tools/missing --run aclocal-1.9'
AMDEPBACKSLASH=''
AMDEP_FALSE=''
AMDEP_TRUE=''
AMTAR='${SHELL} /opt/usr-beghiero/userapps/opensource/ipsec-tools/missing --run tar'
AR='/opt/toolchains/uclibc-crosstools_gcc-3.4.2_uclibc-20050502/bin/mips-linux-uclibc-ar'
AUTOCONF='${SHELL} /opt/usr-beghiero/userapps/opensource/ipsec-tools/missing --run autoconf'
AUTOHEADER='${SHELL} /opt/usr-beghiero/userapps/opensource/ipsec-tools/missing --run autoheader'
AUTOMAKE='${SHELL} /opt/usr-beghiero/userapps/opensource/ipsec-tools/missing --run automake-1.9'
AWK='mawk'
CC='/opt/toolchains/uclibc-crosstools_gcc-3.4.2_uclibc-20050502/bin/mips-linux-uclibc-gcc'
CCDEPMODE=''
CFLAGS=''
CONFIGURE_AMFLAGS=''
CPP=''
CPPFLAGS=''
CRYPTOBJS=''
CXX='/opt/toolchains/uclibc-crosstools_gcc-3.4.2_uclibc-20050502/bin/mips-linux-uclibc-g++'
CXXCPP=''
CXXDEPMODE=''
CXXFLAGS=''
CYGPATH_W='echo'
DEFS=''
DEPDIR=''
ECHO='echo'
ECHO_C=''
ECHO_N='-n'
ECHO_T=''
EGREP=''
EXEEXT=''
F77=''
FFLAGS=''
FRAG_OBJS=''
GLIBC_BUGS=''
HYBRID_OBJS=''
INCLUDE_GLIBC=''
INSTALL_DATA='${INSTALL} -m 644'
INSTALL_OPTS=''
INSTALL_PROGRAM='${INSTALL}'
INSTALL_SCRIPT='${INSTALL}'
INSTALL_STRIP_PROGRAM='${SHELL} $(install_sh) -c -s'
KERNEL_INCLUDE=''
KRB5_CONFIG=''
LDFLAGS=''
LEX=''
LEXLIB=''
LEX_OUTPUT_ROOT=''
LIBOBJS=''
LIBS=''
LIBTOOL=''
LN_S=''
LTLIBOBJS=''
MAKEINFO='${SHELL} /opt/usr-beghiero/userapps/opensource/ipsec-tools/missing --run makeinfo'
NATT_OBJS=''
OBJEXT=''
PACKAGE='ipsec-tools'
PACKAGE_BUGREPORT=''
PACKAGE_NAME='ipsec-tools'
PACKAGE_STRING='ipsec-tools 0.5.1'
PACKAGE_TARNAME='ipsec-tools'
PACKAGE_VERSION='0.5.1'
PATH_SEPARATOR=':'
RANLIB='/opt/toolchains/uclibc-crosstools_gcc-3.4.2_uclibc-20050502/bin/mips-linux-uclibc-ranlib'
RPM=''
SET_MAKE=''
SHELL='/bin/sh'
STRIP='/opt/toolchains/uclibc-crosstools_gcc-3.4.2_uclibc-20050502/bin/mips-linux-uclibc-strip'
VERSION='0.5.1'
YACC=''
ac_ct_AR=''
ac_ct_CC='/opt/toolchains/uclibc-crosstools_gcc-3.4.2_uclibc-20050502/bin/mips-linux-uclibc-gcc'
ac_ct_CXX=''
ac_ct_F77=''
ac_ct_RANLIB=''
ac_ct_STRIP=''
am__fastdepCC_FALSE=''
am__fastdepCC_TRUE=''
am__fastdepCXX_FALSE=''
am__fastdepCXX_TRUE=''
am__include=''
am__leading_dot='.'
am__quote=''
am__tar='${AMTAR} chof - "$$tardir"'
am__untar='${AMTAR} xf -'
bindir='${exec_prefix}/bin'
build=''
build_alias=''
build_cpu=''
build_os=''
build_vendor=''
datadir='${prefix}/share'
exec_prefix='NONE'
host=''
host_alias=''
host_cpu=''
host_os=''
host_vendor=''
includedir='${prefix}/include'
infodir='${prefix}/info'
install_sh='/opt/usr-beghiero/userapps/opensource/ipsec-tools/install-sh'
libdir='${exec_prefix}/lib'
libexecdir='${exec_prefix}/libexec'
localstatedir='${prefix}/var'
mandir='${prefix}/man'
mkdir_p='mkdir -p --'
oldincludedir='/usr/include'
prefix='NONE'
program_transform_name='s,x,x,'
sbindir='${exec_prefix}/sbin'
sharedstatedir='${prefix}/com'
sysconfdir='${prefix}/etc'
target_alias=''

## ----------- ##
## confdefs.h. ##
## ----------- ##

#define PACKAGE "ipsec-tools"
#define PACKAGE_BUGREPORT ""
#define PACKAGE_NAME "ipsec-tools"
#define PACKAGE_STRING "ipsec-tools 0.5.1"
#define PACKAGE_TARNAME "ipsec-tools"
#define PACKAGE_VERSION "0.5.1"
#define VERSION "0.5.1"

configure: exit 1
