This file contains any messages produced by compilers while
running configure, to aid debugging if configure makes a mistake.

It was created by configure, which was
generated by GNU Autoconf 2.57.  Invocation command line was

  $ ./configure --host=mips --with-libosip-prefix=../libosip2/include

## --------- ##
## Platform. ##
## --------- ##

hostname = debian
uname -m = i686
uname -r = 2.6.8-2-686-smp
uname -s = Linux
uname -v = #1 SMP Tue Aug 16 12:08:30 UTC 2005

/usr/bin/uname -p = unknown
/bin/uname -X     = unknown

/bin/arch              = i686
/usr/bin/arch -k       = unknown
/usr/convex/getsysinfo = unknown
hostinfo               = unknown
/bin/machine           = unknown
/usr/bin/oslevel       = unknown
/bin/universe          = unknown

PATH: /usr/local/sbin
PATH: /usr/local/bin
PATH: /usr/sbin
PATH: /usr/bin
PATH: /sbin
PATH: /bin
PATH: /usr/bin/X11


## ----------- ##
## Core tests. ##
## ----------- ##

configure:1324: checking build system type
configure:1342: result: i686-pc-linux-gnu
configure:1350: checking host system type
configure:1364: result: mips-unknown-elf
configure:1372: checking target system type
configure:1386: result: mips-unknown-elf
configure:1415: checking for a BSD-compatible install
configure:1469: result: /usr/bin/install -c
configure:1480: checking whether build environment is sane
configure:1523: result: yes
configure:1556: checking for gawk
configure:1572: found /usr/bin/gawk
configure:1582: result: gawk
configure:1592: checking whether make sets $(MAKE)
configure:1612: result: yes
configure:1691: checking for mips-strip
configure:1720: result: no
configure:1729: checking for strip
configure:1745: found /usr/bin/strip
configure:1756: result: strip
configure:1782: checking for gawk
configure:1808: result: gawk
configure:1826: checking for mips-gcc
configure:1855: result: no
configure:1864: checking for gcc
configure:1880: found /usr/bin/gcc
configure:1890: result: gcc
configure:2134: checking for C compiler version
configure:2137: gcc --version </dev/null >&5
gcc (GCC) 3.3.5 (Debian 1:3.3.5-13)
Copyright (C) 2003 Free Software Foundation, Inc.
This is free software; see the source for copying conditions.  There is NO
warranty; not even for MERCHANTABILITY or FITNESS FOR A PARTICULAR PURPOSE.

configure:2140: $? = 0
configure:2142: gcc -v </dev/null >&5
Reading specs from /usr/lib/gcc-lib/i486-linux/3.3.5/specs
Configured with: ../src/configure -v --enable-languages=c,c++,java,f77,pascal,objc,ada,treelang --prefix=/usr --mandir=/usr/share/man --infodir=/usr/share/info --with-gxx-include-dir=/usr/include/c++/3.3 --enable-shared --enable-__cxa_atexit --with-system-zlib --enable-nls --without-included-gettext --enable-clocale=gnu --enable-debug --enable-java-gc=boehm --enable-java-awt=xlib --enable-objc-gc i486-linux
Thread model: posix
gcc version 3.3.5 (Debian 1:3.3.5-13)
configure:2145: $? = 0
configure:2147: gcc -V </dev/null >&5
gcc: `-V' option must have argument
configure:2150: $? = 1
configure:2174: checking for C compiler default output
configure:2177: gcc    conftest.c  >&5
configure:2180: $? = 0
configure:2226: result: a.out
configure:2231: checking whether the C compiler works
configure:2237: ./a.out
configure:2240: $? = 0
configure:2257: result: yes
configure:2264: checking whether we are cross compiling
configure:2266: result: no
configure:2269: checking for suffix of executables
configure:2271: gcc -o conftest    conftest.c  >&5
configure:2274: $? = 0
configure:2299: result: 
configure:2305: checking for suffix of object files
configure:2327: gcc -c   conftest.c >&5
configure:2330: $? = 0
configure:2352: result: o
configure:2356: checking whether we are using the GNU C compiler
configure:2381: gcc -c   conftest.c >&5
configure:2384: $? = 0
configure:2387: test -s conftest.o
configure:2390: $? = 0
configure:2403: result: yes
configure:2409: checking whether gcc accepts -g
configure:2431: gcc -c -g  conftest.c >&5
configure:2434: $? = 0
configure:2437: test -s conftest.o
configure:2440: $? = 0
configure:2451: result: yes
configure:2468: checking for gcc option to accept ANSI C
configure:2529: gcc  -c -g -O2  conftest.c >&5
configure:2532: $? = 0
configure:2535: test -s conftest.o
configure:2538: $? = 0
configure:2556: result: none needed
configure:2574: gcc -c -g -O2  conftest.c >&5
conftest.c:2: error: syntax error before "me"
configure:2577: $? = 1
configure: failed program was:
| #ifndef __cplusplus
|   choke me
| #endif
configure:2697: checking for style of include used by make
configure:2725: result: GNU
configure:2753: checking dependency style of gcc
configure:2836: result: gcc3
configure:2858: checking how to run the C preprocessor
configure:2894: gcc -E  conftest.c
configure:2900: $? = 0
configure:2932: gcc -E  conftest.c
configure:2933:28: ac_nonexistent.h: No such file or directory
configure:2938: $? = 1
configure: failed program was:
| #line 2923 "configure"
| /* confdefs.h.  */
| 
| #define PACKAGE_NAME ""
| #define PACKAGE_TARNAME ""
| #define PACKAGE_VERSION ""
| #define PACKAGE_STRING ""
| #define PACKAGE_BUGREPORT ""
| #define PACKAGE "siproxd"
| #define VERSION "0.5.13"
| /* end confdefs.h.  */
| #include <ac_nonexistent.h>
configure:2976: result: gcc -E
configure:3001: gcc -E  conftest.c
configure:3007: $? = 0
configure:3039: gcc -E  conftest.c
configure:3040:28: ac_nonexistent.h: No such file or directory
configure:3045: $? = 1
configure: failed program was:
| #line 3030 "configure"
| /* confdefs.h.  */
| 
| #define PACKAGE_NAME ""
| #define PACKAGE_TARNAME ""
| #define PACKAGE_VERSION ""
| #define PACKAGE_STRING ""
| #define PACKAGE_BUGREPORT ""
| #define PACKAGE "siproxd"
| #define VERSION "0.5.13"
| /* end confdefs.h.  */
| #include <ac_nonexistent.h>
configure:3090: checking for mips-ranlib
configure:3119: result: no
configure:3128: checking for ranlib
configure:3144: found /usr/bin/ranlib
configure:3155: result: ranlib
configure:3179: checking for a BSD-compatible install
configure:3233: result: /usr/bin/install -c
configure:3244: checking whether ln -s works
configure:3248: result: yes
configure:3257: checking for docbook2pdf
configure:3286: result: no
configure:3302: checking for docbook2html
configure:3331: result: no
configure:3353: checking "extra includes"
configure:3355: result: 
configure:3365: checking "extra libs"
configure:3367: result: 
configure:3379: checking build statically linked  executable
configure:3388: result: no
configure:3393: checking building with DMALLOC support
configure:3402: result: no
configure:3412: checking target platform
configure:3576: result: Unknown Platform
configure:3624: result: building FLI4L not available on this platform
configure:3771: checking for the pthreads library -lpthreads
configure:3810: gcc -o conftest -g -O2    conftest.c -lpthreads  >&5
/usr/bin/ld: cannot find -lpthreads
collect2: ld returned 1 exit status
configure:3813: $? = 1
configure: failed program was:
| #line 3791 "configure"
| /* confdefs.h.  */
| 
| #define PACKAGE_NAME ""
| #define PACKAGE_TARNAME ""
| #define PACKAGE_VERSION ""
| #define PACKAGE_STRING ""
| #define PACKAGE_BUGREPORT ""
| #define PACKAGE "siproxd"
| #define VERSION "0.5.13"
| #define UNAME "mips-unknown-elf"
| #define _UNKNOWN
| /* end confdefs.h.  */
| #include <pthread.h>
| int
| main ()
| {
| pthread_t th; pthread_join(th, 0);
|                      pthread_attr_init(0); pthread_cleanup_push(0, 0);
|                      pthread_create(0,0,0,0); pthread_cleanup_pop(0);
|   ;
|   return 0;
| }
configure:3832: result: no
configure:3760: checking whether pthreads work without any flags
configure:3810: gcc -o conftest -g -O2    conftest.c   >&5
/tmp/ccaz4Qqe.o(.text+0x19): In function `main':
/opt/bcm963xx_router/userapps/opensource/siproxd/configure:3807: undefined reference to `pthread_join'
/tmp/ccaz4Qqe.o(.text+0x39):/opt/bcm963xx_router/userapps/opensource/siproxd/configure:3808: undefined reference to `_pthread_cleanup_push'
/tmp/ccaz4Qqe.o(.text+0x57):/opt/bcm963xx_router/userapps/opensource/siproxd/configure:3809: undefined reference to `pthread_create'
/tmp/ccaz4Qqe.o(.text+0x65):/opt/bcm963xx_router/userapps/opensource/siproxd/configure:3809: undefined reference to `_pthread_cleanup_pop'
collect2: ld returned 1 exit status
configure:3813: $? = 1
configure: failed program was:
| #line 3791 "configure"
| /* confdefs.h.  */
| 
| #define PACKAGE_NAME ""
| #define PACKAGE_TARNAME ""
| #define PACKAGE_VERSION ""
| #define PACKAGE_STRING ""
| #define PACKAGE_BUGREPORT ""
| #define PACKAGE "siproxd"
| #define VERSION "0.5.13"
| #define UNAME "mips-unknown-elf"
| #define _UNKNOWN
| /* end confdefs.h.  */
| #include <pthread.h>
| int
| main ()
| {
| pthread_t th; pthread_join(th, 0);
|                      pthread_attr_init(0); pthread_cleanup_push(0, 0);
|                      pthread_create(0,0,0,0); pthread_cleanup_pop(0);
|   ;
|   return 0;
| }
configure:3832: result: no
configure:3765: checking whether pthreads work with -Kthread
configure:3810: gcc -o conftest -g -O2 -Kthread   conftest.c   >&5
gcc: unrecognized option `-Kthread'
/tmp/cc2kUeaU.o(.text+0x19): In function `main':
/opt/bcm963xx_router/userapps/opensource/siproxd/configure:3807: undefined reference to `pthread_join'
/tmp/cc2kUeaU.o(.text+0x39):/opt/bcm963xx_router/userapps/opensource/siproxd/configure:3808: undefined reference to `_pthread_cleanup_push'
/tmp/cc2kUeaU.o(.text+0x57):/opt/bcm963xx_router/userapps/opensource/siproxd/configure:3809: undefined reference to `pthread_create'
/tmp/cc2kUeaU.o(.text+0x65):/opt/bcm963xx_router/userapps/opensource/siproxd/configure:3809: undefined reference to `_pthread_cleanup_pop'
collect2: ld returned 1 exit status
configure:3813: $? = 1
configure: failed program was:
| #line 3791 "configure"
| /* confdefs.h.  */
| 
| #define PACKAGE_NAME ""
| #define PACKAGE_TARNAME ""
| #define PACKAGE_VERSION ""
| #define PACKAGE_STRING ""
| #define PACKAGE_BUGREPORT ""
| #define PACKAGE "siproxd"
| #define VERSION "0.5.13"
| #define UNAME "mips-unknown-elf"
| #define _UNKNOWN
| /* end confdefs.h.  */
| #include <pthread.h>
| int
| main ()
| {
| pthread_t th; pthread_join(th, 0);
|                      pthread_attr_init(0); pthread_cleanup_push(0, 0);
|                      pthread_create(0,0,0,0); pthread_cleanup_pop(0);
|   ;
|   return 0;
| }
configure:3832: result: no
configure:3765: checking whether pthreads work with -kthread
configure:3810: gcc -o conftest -g -O2 -kthread   conftest.c   >&5
gcc: unrecognized option `-kthread'
/tmp/ccWEa6tk.o(.text+0x19): In function `main':
/opt/bcm963xx_router/userapps/opensource/siproxd/configure:3807: undefined reference to `pthread_join'
/tmp/ccWEa6tk.o(.text+0x39):/opt/bcm963xx_router/userapps/opensource/siproxd/configure:3808: undefined reference to `_pthread_cleanup_push'
/tmp/ccWEa6tk.o(.text+0x57):/opt/bcm963xx_router/userapps/opensource/siproxd/configure:3809: undefined reference to `pthread_create'
/tmp/ccWEa6tk.o(.text+0x65):/opt/bcm963xx_router/userapps/opensource/siproxd/configure:3809: undefined reference to `_pthread_cleanup_pop'
collect2: ld returned 1 exit status
configure:3813: $? = 1
configure: failed program was:
| #line 3791 "configure"
| /* confdefs.h.  */
| 
| #define PACKAGE_NAME ""
| #define PACKAGE_TARNAME ""
| #define PACKAGE_VERSION ""
| #define PACKAGE_STRING ""
| #define PACKAGE_BUGREPORT ""
| #define PACKAGE "siproxd"
| #define VERSION "0.5.13"
| #define UNAME "mips-unknown-elf"
| #define _UNKNOWN
| /* end confdefs.h.  */
| #include <pthread.h>
| int
| main ()
| {
| pthread_t th; pthread_join(th, 0);
|                      pthread_attr_init(0); pthread_cleanup_push(0, 0);
|                      pthread_create(0,0,0,0); pthread_cleanup_pop(0);
|   ;
|   return 0;
| }
configure:3832: result: no
configure:3771: checking for the pthreads library -llthread
configure:3810: gcc -o conftest -g -O2    conftest.c -llthread  >&5
/usr/bin/ld: cannot find -llthread
collect2: ld returned 1 exit status
configure:3813: $? = 1
configure: failed program was:
| #line 3791 "configure"
| /* confdefs.h.  */
| 
| #define PACKAGE_NAME ""
| #define PACKAGE_TARNAME ""
| #define PACKAGE_VERSION ""
| #define PACKAGE_STRING ""
| #define PACKAGE_BUGREPORT ""
| #define PACKAGE "siproxd"
| #define VERSION "0.5.13"
| #define UNAME "mips-unknown-elf"
| #define _UNKNOWN
| /* end confdefs.h.  */
| #include <pthread.h>
| int
| main ()
| {
| pthread_t th; pthread_join(th, 0);
|                      pthread_attr_init(0); pthread_cleanup_push(0, 0);
|                      pthread_create(0,0,0,0); pthread_cleanup_pop(0);
|   ;
|   return 0;
| }
configure:3832: result: no
configure:3765: checking whether pthreads work with -pthread
configure:3810: gcc -o conftest -g -O2 -pthread   conftest.c   >&5
configure:3813: $? = 0
configure:3816: test -s conftest
configure:3819: $? = 0
configure:3832: result: yes
configure:3852: checking for joinable pthread attribute
configure:3871: gcc -o conftest -g -O2 -pthread   conftest.c   >&5
configure:3874: $? = 0
configure:3877: test -s conftest
configure:3880: $? = 0
configure:3935: result: PTHREAD_CREATE_JOINABLE
configure:3942: checking if more special flags are required for pthreads
configure:3949: result: no
configure:3961: checking for cc_r
configure:3988: result: gcc
configure:4049: checking "libosip prefix"
configure:4051: result: ../libosip2/include
configure:4062: checking for osip_init in -losip2
configure:4093: gcc -o conftest -g -O2 -pthread -D_POSIX_THREAD_SAFE_FUNCTIONS  -I../libosip2/include/include  conftest.c -losip2 -losipparser2 -L../libosip2/include/lib   >&5
/usr/bin/ld: cannot find -losip2
collect2: ld returned 1 exit status
configure:4096: $? = 1
configure: failed program was:
| #line 4069 "configure"
| /* confdefs.h.  */
| 
| #define PACKAGE_NAME ""
| #define PACKAGE_TARNAME ""
| #define PACKAGE_VERSION ""
| #define PACKAGE_STRING ""
| #define PACKAGE_BUGREPORT ""
| #define PACKAGE "siproxd"
| #define VERSION "0.5.13"
| #define UNAME "mips-unknown-elf"
| #define _UNKNOWN
| #define HAVE_PTHREAD 1
| /* end confdefs.h.  */
| 
| /* Override any gcc2 internal prototype to avoid an error.  */
| #ifdef __cplusplus
| extern "C"
| #endif
| /* We use char because int might match the return type of a gcc2
|    builtin and then its argument prototype would still apply.  */
| char osip_init ();
| int
| main ()
| {
| osip_init ();
|   ;
|   return 0;
| }
configure:4114: result: no

## ---------------- ##
## Cache variables. ##
## ---------------- ##

ac_cv_build=i686-pc-linux-gnu
ac_cv_build_alias=i686-pc-linux-gnu
ac_cv_c_compiler_gnu=yes
ac_cv_env_CC_set=
ac_cv_env_CC_value=
ac_cv_env_CFLAGS_set=
ac_cv_env_CFLAGS_value=
ac_cv_env_CPPFLAGS_set=
ac_cv_env_CPPFLAGS_value=
ac_cv_env_CPP_set=
ac_cv_env_CPP_value=
ac_cv_env_LDFLAGS_set=
ac_cv_env_LDFLAGS_value=
ac_cv_env_build_alias_set=
ac_cv_env_build_alias_value=
ac_cv_env_host_alias_set=set
ac_cv_env_host_alias_value=mips
ac_cv_env_target_alias_set=
ac_cv_env_target_alias_value=
ac_cv_exeext=
ac_cv_host=mips-unknown-elf
ac_cv_host_alias=mips
ac_cv_lib_osip2_osip_init=no
ac_cv_objext=o
ac_cv_path_install='/usr/bin/install -c'
ac_cv_prog_AWK=gawk
ac_cv_prog_CPP='gcc -E'
ac_cv_prog_PTHREAD_CC=gcc
ac_cv_prog_ac_ct_CC=gcc
ac_cv_prog_ac_ct_RANLIB=ranlib
ac_cv_prog_ac_ct_STRIP=strip
ac_cv_prog_cc_g=yes
ac_cv_prog_cc_stdc=
ac_cv_prog_make_make_set=yes
ac_cv_target=mips-unknown-elf
ac_cv_target_alias=mips
am_cv_CC_dependencies_compiler_type=gcc3

## ----------------- ##
## Output variables. ##
## ----------------- ##

ACLOCAL='${SHELL} /opt/bcm963xx_router/userapps/opensource/siproxd/scripts/missing --run aclocal-1.7'
AMDEPBACKSLASH='\'
AMDEP_FALSE='#'
AMDEP_TRUE=''
AMTAR='${SHELL} /opt/bcm963xx_router/userapps/opensource/siproxd/scripts/missing --run tar'
AUTOCONF='${SHELL} /opt/bcm963xx_router/userapps/opensource/siproxd/scripts/missing --run autoconf'
AUTOHEADER='${SHELL} /opt/bcm963xx_router/userapps/opensource/siproxd/scripts/missing --run autoheader'
AUTOMAKE='${SHELL} /opt/bcm963xx_router/userapps/opensource/siproxd/scripts/missing --run automake-1.7'
AWK='gawk'
CC='gcc'
CCDEPMODE='depmode=gcc3'
CFLAGS='-g -O2 -pthread -D_POSIX_THREAD_SAFE_FUNCTIONS'
CPP='gcc -E'
CPPFLAGS=' -I../libosip2/include/include'
CYGPATH_W='echo'
DEFS=''
DEPDIR='.deps'
ECHO_C=''
ECHO_N='-n'
ECHO_T=''
EGREP=''
EXEEXT=''
INSTALL_DATA='${INSTALL} -m 644'
INSTALL_PROGRAM='${INSTALL}'
INSTALL_SCRIPT='${INSTALL}'
INSTALL_STRIP_PROGRAM='${SHELL} $(install_sh) -c -s'
LDFLAGS=''
LIBOBJS=''
LIBS='-L../libosip2/include/lib  '
LN_S='ln -s'
LTLIBOBJS=''
MAKEINFO='${SHELL} /opt/bcm963xx_router/userapps/opensource/siproxd/scripts/missing --run makeinfo'
OBJEXT='o'
PACKAGE='siproxd'
PACKAGE_BUGREPORT=''
PACKAGE_NAME=''
PACKAGE_STRING=''
PACKAGE_TARNAME=''
PACKAGE_VERSION=''
PATH_SEPARATOR=':'
PTHREAD_CC='gcc'
PTHREAD_CFLAGS='-pthread'
PTHREAD_LIBS=''
RANLIB='ranlib'
SET_MAKE=''
SHELL='/bin/sh'
STRIP='strip'
VERSION='0.5.13'
ac_ct_CC='gcc'
ac_ct_RANLIB='ranlib'
ac_ct_STRIP='strip'
am__fastdepCC_FALSE='#'
am__fastdepCC_TRUE=''
am__include='include'
am__leading_dot='.'
am__quote=''
bindir='${exec_prefix}/bin'
build='i686-pc-linux-gnu'
build_alias=''
build_cpu='i686'
build_os='linux-gnu'
build_vendor='pc'
datadir='${prefix}/share'
docbook2html=''
docbook2pdf=''
exec_prefix='NONE'
extra_includes=''
extra_libs=''
have_docbook2html_FALSE=''
have_docbook2html_TRUE='#'
have_docbook2pdf_FALSE=''
have_docbook2pdf_TRUE='#'
host='mips-unknown-elf'
host_alias='mips'
host_cpu='mips'
host_os='elf'
host_vendor='unknown'
includedir='${prefix}/include'
infodir='${prefix}/info'
install_sh='/opt/bcm963xx_router/userapps/opensource/siproxd/scripts/install-sh'
libdir='${exec_prefix}/lib'
libexecdir='${exec_prefix}/libexec'
libosip_prefix_dir='../libosip2/include'
localstatedir='${prefix}/var'
mandir='${prefix}/man'
oldincludedir='/usr/include'
prefix='NONE'
program_transform_name='s,x,x,'
sbindir='${exec_prefix}/sbin'
sharedstatedir='${prefix}/com'
sysconfdir='${prefix}/etc'
target='mips-unknown-elf'
target_alias=''
target_cpu='mips'
target_os='elf'
target_vendor='unknown'

## ----------- ##
## confdefs.h. ##
## ----------- ##

#define HAVE_PTHREAD 1
#define PACKAGE "siproxd"
#define PACKAGE_BUGREPORT ""
#define PACKAGE_NAME ""
#define PACKAGE_STRING ""
#define PACKAGE_TARNAME ""
#define PACKAGE_VERSION ""
#define UNAME "mips-unknown-elf"
#define VERSION "0.5.13"
#define _UNKNOWN

configure: exit 1
